# JRE version: OpenJDK Runtime Environment (8.0_242-b01) (build 1.8.0_242-release-1644-b01)
# Java VM: OpenJDK 64-Bit Server VM (25.242-b01 mixed mode windows-amd64 compressed oops)
Heap:
 PSYoungGen      total 293888K, used 86893K [0x00000000d5580000, 0x00000000ea480000, 0x0000000100000000)
  eden space 263168K, 21% used [0x00000000d5580000,0x00000000d8c5e280,0x00000000e5680000)
  from space 30720K, 99% used [0x00000000e8680000,0x00000000ea47d288,0x00000000ea480000)
  to   space 28160K, 0% used [0x00000000e5680000,0x00000000e5680000,0x00000000e7200000)
 ParOldGen       total 211968K, used 99519K [0x0000000080000000, 0x000000008cf00000, 0x00000000d5580000)
  object space 211968K, 46% used [0x0000000080000000,0x000000008612ff78,0x000000008cf00000)
 Metaspace       used 107988K, capacity 114256K, committed 114508K, reserved 1150976K
  class space    used 14141K, capacity 15349K, committed 15476K, reserved 1048576K
GC Heap History (10 events):
Event: 123.341 GC heap before
{Heap before GC invocations=22 (full 4):
 PSYoungGen      total 253440K, used 225280K [0x00000000d5580000, 0x00000000e7e80000, 0x0000000100000000)
  eden space 225280K, 100% used [0x00000000d5580000,0x00000000e3180000,0x00000000e3180000)
  from space 28160K, 0% used [0x00000000e3180000,0x00000000e3180000,0x00000000e4d00000)
  to   space 31232K, 0% used [0x00000000e6000000,0x00000000e6000000,0x00000000e7e80000)
 ParOldGen       total 211968K, used 61935K [0x0000000080000000, 0x000000008cf00000, 0x00000000d5580000)
  object space 211968K, 29% used [0x0000000080000000,0x0000000083c7bf70,0x000000008cf00000)
 Metaspace       used 97030K, capacity 102054K, committed 102348K, reserved 1138688K
  class space    used 12663K, capacity 13674K, committed 13812K, reserved 1048576K
Event: 123.355 GC heap after
Heap after GC invocations=22 (full 4):
 PSYoungGen      total 270848K, used 13360K [0x00000000d5580000, 0x00000000e7c00000, 0x0000000100000000)
  eden space 242176K, 0% used [0x00000000d5580000,0x00000000d5580000,0x00000000e4200000)
  from space 28672K, 46% used [0x00000000e6000000,0x00000000e6d0c2f0,0x00000000e7c00000)
  to   space 29696K, 0% used [0x00000000e4200000,0x00000000e4200000,0x00000000e5f00000)
 ParOldGen       total 211968K, used 61935K [0x0000000080000000, 0x000000008cf00000, 0x00000000d5580000)
  object space 211968K, 29% used [0x0000000080000000,0x0000000083c7bf70,0x000000008cf00000)
 Metaspace       used 97030K, capacity 102054K, committed 102348K, reserved 1138688K
  class space    used 12663K, capacity 13674K, committed 13812K, reserved 1048576K
}
Event: 123.694 GC heap before
{Heap before GC invocations=23 (full 4):
 PSYoungGen      total 270848K, used 255536K [0x00000000d5580000, 0x00000000e7c00000, 0x0000000100000000)
  eden space 242176K, 100% used [0x00000000d5580000,0x00000000e4200000,0x00000000e4200000)
  from space 28672K, 46% used [0x00000000e6000000,0x00000000e6d0c2f0,0x00000000e7c00000)
  to   space 29696K, 0% used [0x00000000e4200000,0x00000000e4200000,0x00000000e5f00000)
 ParOldGen       total 211968K, used 61935K [0x0000000080000000, 0x000000008cf00000, 0x00000000d5580000)
  object space 211968K, 29% used [0x0000000080000000,0x0000000083c7bf70,0x000000008cf00000)
 Metaspace       used 97117K, capacity 102118K, committed 102604K, reserved 1138688K
  class space    used 12666K, capacity 13674K, committed 13812K, reserved 1048576K
Event: 123.702 GC heap after
Heap after GC invocations=23 (full 4):
 PSYoungGen      total 271872K, used 10356K [0x00000000d5580000, 0x00000000e9380000, 0x0000000100000000)
  eden space 242176K, 0% used [0x00000000d5580000,0x00000000d5580000,0x00000000e4200000)
  from space 29696K, 34% used [0x00000000e4200000,0x00000000e4c1d2e8,0x00000000e5f00000)
  to   space 28672K, 0% used [0x00000000e7780000,0x00000000e7780000,0x00000000e9380000)
 ParOldGen       total 211968K, used 61951K [0x0000000080000000, 0x000000008cf00000, 0x00000000d5580000)
  object space 211968K, 29% used [0x0000000080000000,0x0000000083c7ff70,0x000000008cf00000)
 Metaspace       used 97117K, capacity 102118K, committed 102604K, reserved 1138688K
  class space    used 12666K, capacity 13674K, committed 13812K, reserved 1048576K
}
Event: 908.584 GC heap before
{Heap before GC invocations=24 (full 4):
 PSYoungGen      total 271872K, used 252532K [0x00000000d5580000, 0x00000000e9380000, 0x0000000100000000)
  eden space 242176K, 100% used [0x00000000d5580000,0x00000000e4200000,0x00000000e4200000)
  from space 29696K, 34% used [0x00000000e4200000,0x00000000e4c1d2e8,0x00000000e5f00000)
  to   space 28672K, 0% used [0x00000000e7780000,0x00000000e7780000,0x00000000e9380000)
 ParOldGen       total 211968K, used 61951K [0x0000000080000000, 0x000000008cf00000, 0x00000000d5580000)
  object space 211968K, 29% used [0x0000000080000000,0x0000000083c7ff70,0x000000008cf00000)
 Metaspace       used 98127K, capacity 103206K, committed 103372K, reserved 1138688K
  class space    used 12757K, capacity 13760K, committed 13812K, reserved 1048576K
Event: 908.600 GC heap after
Heap after GC invocations=24 (full 4):
 PSYoungGen      total 285696K, used 16768K [0x00000000d5580000, 0x00000000e8d80000, 0x0000000100000000)
  eden space 263168K, 0% used [0x00000000d5580000,0x00000000d5580000,0x00000000e5680000)
  from space 22528K, 74% used [0x00000000e7780000,0x00000000e87e0390,0x00000000e8d80000)
  to   space 28160K, 0% used [0x00000000e5680000,0x00000000e5680000,0x00000000e7200000)
 ParOldGen       total 211968K, used 61959K [0x0000000080000000, 0x000000008cf00000, 0x00000000d5580000)
  object space 211968K, 29% used [0x0000000080000000,0x0000000083c81f70,0x000000008cf00000)
 Metaspace       used 98127K, capacity 103206K, committed 103372K, reserved 1138688K
  class space    used 12757K, capacity 13760K, committed 13812K, reserved 1048576K
}
Event: 925.598 GC heap before
{Heap before GC invocations=25 (full 4):
 PSYoungGen      total 285696K, used 279936K [0x00000000d5580000, 0x00000000e8d80000, 0x0000000100000000)
  eden space 263168K, 100% used [0x00000000d5580000,0x00000000e5680000,0x00000000e5680000)
  from space 22528K, 74% used [0x00000000e7780000,0x00000000e87e0390,0x00000000e8d80000)
  to   space 28160K, 0% used [0x00000000e5680000,0x00000000e5680000,0x00000000e7200000)
 ParOldGen       total 211968K, used 61959K [0x0000000080000000, 0x000000008cf00000, 0x00000000d5580000)
  object space 211968K, 29% used [0x0000000080000000,0x0000000083c81f70,0x000000008cf00000)
 Metaspace       used 101516K, capacity 106832K, committed 107212K, reserved 1142784K
  class space    used 13145K, capacity 14191K, committed 14324K, reserved 1048576K
Event: 925.616 GC heap after
Heap after GC invocations=25 (full 4):
 PSYoungGen      total 291328K, used 23947K [0x00000000d5580000, 0x00000000ea480000, 0x0000000100000000)
  eden space 263168K, 0% used [0x00000000d5580000,0x00000000d5580000,0x00000000e5680000)
  from space 28160K, 85% used [0x00000000e5680000,0x00000000e6de2de8,0x00000000e7200000)
  to   space 30720K, 0% used [0x00000000e8680000,0x00000000e8680000,0x00000000ea480000)
 ParOldGen       total 211968K, used 61967K [0x0000000080000000, 0x000000008cf00000, 0x00000000d5580000)
  object space 211968K, 29% used [0x0000000080000000,0x0000000083c83f70,0x000000008cf00000)
 Metaspace       used 101516K, capacity 106832K, committed 107212K, reserved 1142784K
  class space    used 13145K, capacity 14191K, committed 14324K, reserved 1048576K
}
Event: 930.377 GC heap before
{Heap before GC invocations=26 (full 4):
 PSYoungGen      total 291328K, used 287115K [0x00000000d5580000, 0x00000000ea480000, 0x0000000100000000)
  eden space 263168K, 100% used [0x00000000d5580000,0x00000000e5680000,0x00000000e5680000)
  from space 28160K, 85% used [0x00000000e5680000,0x00000000e6de2de8,0x00000000e7200000)
  to   space 30720K, 0% used [0x00000000e8680000,0x00000000e8680000,0x00000000ea480000)
 ParOldGen       total 211968K, used 61967K [0x0000000080000000, 0x000000008cf00000, 0x00000000d5580000)
  object space 211968K, 29% used [0x0000000080000000,0x0000000083c83f70,0x000000008cf00000)
 Metaspace       used 104261K, capacity 109922K, committed 110156K, reserved 1144832K
  class space    used 13529K, capacity 14622K, committed 14708K, reserved 1048576K
Event: 930.490 GC heap after
Heap after GC invocations=26 (full 4):
 PSYoungGen      total 293888K, used 30708K [0x00000000d5580000, 0x00000000ea480000, 0x0000000100000000)
  eden space 263168K, 0% used [0x00000000d5580000,0x00000000d5580000,0x00000000e5680000)
  from space 30720K, 99% used [0x00000000e8680000,0x00000000ea47d288,0x00000000ea480000)
  to   space 28160K, 0% used [0x00000000e5680000,0x00000000e5680000,0x00000000e7200000)
 ParOldGen       total 211968K, used 99519K [0x0000000080000000, 0x000000008cf00000, 0x00000000d5580000)
  object space 211968K, 46% used [0x0000000080000000,0x000000008612ff78,0x000000008cf00000)
 Metaspace       used 104261K, capacity 109922K, committed 110156K, reserved 1144832K
  class space    used 13529K, capacity 14622K, committed 14708K, reserved 1048576K
}

